Scenario - Touch Movie Choice
Logfile written - 06/14/2016 09:55:31

Trial	Event Type	Code	x(num)	y(num)	Time	TTime	Uncertainty	Duration	Uncertainty	ReqTime	ReqDur	Stim Type	Pair Index

1	Picture	start			17326	0	1	500	1	0	next	other	0
2	Picture	stim			42317	0	1	167	1	0	next	other	0
3	Picture	start			73305	0	1	500	1	0	next	other	0
4	Picture	stim			98296	0	1	167	1	0	next	other	0
5	Picture	start			128784	0	1	500	1	0	next	other	0
6	Picture	stim			153775	0	1	167	1	0	next	other	0
7	Picture	start			184263	0	1	500	1	0	next	other	0
8	Picture	stim			209254	0	1	167	1	0	next	other	0
9	Picture	start			239742	0	1	500	1	0	next	other	0
10	Picture	stim			264733	0	1	167	1	0	next	other	0
11	Picture	start			296221	0	1	500	1	0	next	other	0
12	Picture	stim			321211	0	1	167	1	0	next	other	0
13	Picture	start			352532	0	1	500	1	0	next	other	0
14	Picture	stim			377523	0	1	167	1	0	next	other	0
15	Picture	start			408678	0	1	500	1	0	next	other	0
16	Picture	stim			433668	0	1	167	1	0	next	other	0
17	Picture	start			464823	0	1	500	1	0	next	other	0
18	Picture	stim			489814	0	1	167	1	0	next	other	0
19	Picture	start			520136	0	1	500	1	0	next	other	0
20	Picture	stim			545126	0	1	167	1	0	next	other	0
21	Picture	start			575448	0	1	500	1	0	next	other	0
22	Picture	stim			600438	0	1	167	1	0	next	other	0
23	Picture	start			630760	0	1	500	1	0	next	other	0
24	Picture	stim			655751	0	1	161	15	0	next	other	0
25	Picture	start			686072	0	1	500	1	0	next	other	0
26	Picture	stim			711063	0	1	167	1	0	next	other	0
27	Picture	start			741385	0	1	500	1	0	next	other	0
28	Picture	stim			766375	0	1	167	1	0	next	other	0
29	Picture	start			796697	0	1	500	1	0	next	other	0
30	Picture	stim			821688	0	1	167	1	0	next	other	0
31	Picture	start			852843	0	1	500	1	0	next	other	0
32	Picture	stim			877833	0	1	167	1	0	next	other	0
33	Picture	start			907988	0	1	500	1	0	next	other	0
34	Picture	stim			932979	0	1	167	1	0	next	other	0
35	Picture	start			963800	0	1	500	1	0	next	other	0
36	Picture	stim			988791	0	1	167	1	0	next	other	0
37	Picture	start			1020112	0	1	500	1	0	next	other	0
38	Picture	stim			1045103	0	1	167	1	0	next	other	0
39	Picture	start			1076258	0	1	500	1	0	next	other	0
40	Picture	stim			1101248	0	1	167	1	0	next	other	0
41	Picture	start			1131237	0	1	500	1	0	next	other	0
42	Picture	stim			1156227	0	1	167	1	0	next	other	0
43	Picture	start			1187216	0	1	500	1	0	next	other	0
44	Picture	stim			1212206	0	1	167	1	0	next	other	0
45	Picture	start			1243361	0	1	500	1	0	next	other	0
46	Picture	stim			1268351	0	1	167	1	0	next	other	0
47	Picture	start			1298507	0	1	500	1	0	next	other	0
48	Picture	stim			1323497	0	1	167	1	0	next	other	0
49	Picture	start			1353819	0	1	500	1	0	next	other	0
50	Picture	stim			1378809	0	1	167	1	0	next	other	0
51	Picture	start			1409631	0	1	500	1	0	next	other	0
52	Picture	stim			1434622	0	1	167	1	0	next	other	0
53	Picture	start			1464610	0	1	500	1	0	next	other	0
54	Picture	stim			1489601	0	1	167	1	0	next	other	0
55	Picture	start			1520589	0	1	500	1	0	next	other	0
56	Picture	stim			1545579	0	1	167	1	0	next	other	0
57	Picture	start			1575735	0	1	500	1	0	next	other	0
58	Picture	stim			1600725	0	1	167	1	0	next	other	0
59	Picture	start			1630880	0	1	500	1	0	next	other	0
60	Picture	stim			1655871	0	1	167	1	0	next	other	0
61	Picture	start			1686193	0	1	500	1	0	next	other	0
62	Picture	stim			1711183	0	1	167	1	0	next	other	0
63	Picture	start			1742171	0	1	500	1	0	next	other	0
64	Picture	stim			1767162	0	1	167	1	0	next	other	0
65	Picture	start			1798317	0	1	500	1	0	next	other	0
66	Picture	stim			1823307	0	1	167	1	0	next	other	0
67	Picture	start			1853962	0	1	500	1	0	next	other	0
68	Picture	stim			1878953	0	1	167	1	0	next	other	0
69	Picture	start			1910274	0	1	500	1	0	next	other	0
70	Picture	stim			1935265	0	1	167	1	0	next	other	0
71	Picture	start			1965587	0	1	500	1	0	next	other	0
72	Picture	stim			1990577	0	1	167	1	0	next	other	0
73	Picture	start			2021399	0	1	500	1	0	next	other	0
74	Picture	stim			2046389	0	1	167	1	0	next	other	0
75	Picture	start			2077544	0	1	500	1	0	next	other	0
76	Picture	stim			2102535	0	1	167	1	0	next	other	0
77	Picture	start			2133356	0	1	500	1	0	next	other	0
78	Picture	stim			2158347	0	1	167	1	0	next	other	0
79	Picture	start			2189502	0	1	500	1	0	next	other	0
80	Picture	stim			2214492	0	1	167	1	0	next	other	0
81	Picture	start			2244814	0	1	500	1	0	next	other	0
82	Picture	stim			2269804	0	1	167	1	0	next	other	0
83	Picture	start			2300126	0	1	500	1	0	next	other	0
84	Picture	stim			2325117	0	1	167	1	0	next	other	0
85	Picture	start			2354939	0	1	500	1	0	next	other	0
86	Picture	stim			2379929	0	1	167	1	0	next	other	0
87	Picture	start			2409918	0	1	500	1	0	next	other	0
88	Picture	stim			2434908	0	1	167	1	0	next	other	0
89	Picture	start			2464897	0	1	500	1	0	next	other	0
90	Picture	stim			2489887	0	1	167	1	0	next	other	0
91	Picture	start			2520876	0	1	500	1	0	next	other	0
92	Picture	stim			2545866	0	1	163	15	0	next	other	0
93	Picture	start			2576188	0	1	500	1	0	next	other	0
94	Picture	stim			2601178	0	1	167	1	0	next	other	0
95	Picture	start			2632333	0	1	500	1	0	next	other	0
96	Picture	stim			2657324	0	1	167	1	0	next	other	0
97	Picture	start			2687979	0	1	500	1	0	next	other	0
98	Picture	stim			2712969	0	1	167	1	0	next	other	0
99	Picture	start			2743958	0	1	500	1	0	next	other	0
100	Picture	stim			2768948	0	1	167	1	0	next	other	0
101	Picture	start			2799437	0	1	500	1	0	next	other	0
102	Picture	stim			2824427	0	1	167	1	0	next	other	0
103	Picture	start			2854416	0	1	500	1	0	next	other	0
104	Picture	stim			2879406	0	1	167	1	0	next	other	0
105	Picture	start			2909561	0	1	500	1	0	next	other	0
106	Picture	stim			2934552	0	1	167	1	0	next	other	0
107	Picture	start			2965707	0	1	500	1	0	next	other	0
108	Picture	stim			2990697	0	1	167	1	0	next	other	0
109	Picture	start			3021852	0	1	500	1	0	next	other	0
110	Picture	stim			3046843	0	1	167	1	0	next	other	0
111	Picture	start			3077331	0	1	500	1	0	next	other	0
112	Picture	stim			3102322	0	1	167	1	0	next	other	0
113	Picture	start			3133643	0	1	500	1	0	next	other	0
114	Picture	stim			3158634	0	1	167	1	0	next	other	0
115	Picture	start			3188456	0	1	500	1	0	next	other	0
116	Picture	stim			3213446	0	1	167	1	0	next	other	0
117	Picture	start			3243601	0	1	500	1	0	next	other	0
118	Picture	stim			3268592	0	1	167	1	0	next	other	0
119	Picture	start			3299580	0	1	500	1	0	next	other	0
120	Picture	stim			3324570	0	1	167	1	0	next	other	0
121	Picture	start			3355892	0	1	500	1	0	next	other	0
122	Picture	stim			3380882	0	1	167	1	0	next	other	0
123	Picture	start			3411204	0	1	500	1	0	next	other	0
124	Picture	stim			3436195	0	1	167	1	0	next	other	0
125	Picture	start			3467183	0	1	500	1	0	next	other	0
126	Picture	stim			3492174	0	1	167	1	0	next	other	0
127	Picture	start			3522495	0	1	500	1	0	next	other	0
128	Picture	stim			3547486	0	1	167	1	0	next	other	0
129	Picture	start			3577641	0	1	500	1	0	next	other	0
130	Picture	stim			3602632	0	1	167	1	0	next	other	0
131	Picture	start			3632787	0	1	500	1	0	next	other	0
132	Picture	stim			3657777	0	1	167	1	0	next	other	0
133	Picture	start			3688766	0	1	500	1	0	next	other	0
134	Picture	stim			3713756	0	1	167	1	0	next	other	0
135	Picture	start			3743745	0	1	500	1	0	next	other	0
136	Picture	stim			3768735	0	1	167	1	0	next	other	0
137	Picture	start			3799890	0	1	500	1	0	next	other	0
138	Picture	stim			3824880	0	1	167	1	0	next	other	0
139	Picture	start			3855869	0	1	500	1	0	next	other	0
140	Picture	stim			3880859	0	1	167	1	0	next	other	0
141	Picture	start			3911181	0	1	500	1	0	next	other	0
142	Picture	stim			3936172	0	1	167	1	0	next	other	0
143	Picture	start			3967160	0	2	500	2	0	next	other	0
144	Picture	stim			3992150	0	1	167	1	0	next	other	0
145	Picture	start			4022472	0	1	500	1	0	next	other	0
146	Picture	stim			4047463	0	1	167	1	0	next	other	0
147	Picture	start			4078617	0	1	500	1	0	next	other	0
148	Picture	stim			4103608	0	1	167	1	0	next	other	0
149	Picture	start			4134763	0	1	500	1	0	next	other	0
150	Picture	stim			4159753	0	1	167	1	0	next	other	0
151	Picture	start			4190908	0	1	500	1	0	next	other	0
152	Picture	stim			4215899	0	1	167	1	0	next	other	0
153	Picture	start			4247220	0	1	500	1	0	next	other	0
154	Picture	stim			4272211	0	1	167	1	0	next	other	0
155	Picture	start			4303199	0	1	500	1	0	next	other	0
156	Picture	stim			4328189	0	1	167	1	0	next	other	0
157	Picture	start			4359344	0	1	500	1	0	next	other	0
158	Picture	stim			4384335	0	1	167	1	0	next	other	0
159	Picture	start			4414656	0	1	500	1	0	next	other	0
160	Picture	stim			4439647	0	1	167	1	0	next	other	0
161	Picture	start			4469636	0	1	500	1	0	next	other	0
162	Picture	stim			4494626	0	1	167	1	0	next	other	0
163	Picture	start			4524448	0	1	500	1	0	next	other	0
164	Picture	stim			4549439	0	1	167	1	0	next	other	0
165	Picture	start			4579594	0	1	500	1	0	next	other	0
166	Picture	stim			4604584	0	1	167	1	0	next	other	0
167	Picture	start			4634573	0	1	500	1	0	next	other	0
168	Picture	stim			4659563	0	1	167	1	0	next	other	0
169	Picture	start			4690885	0	1	500	1	0	next	other	0
170	Picture	stim			4715875	0	1	167	1	0	next	other	0
171	Picture	start			4746197	0	1	500	1	0	next	other	0
172	Picture	stim			4771188	0	1	167	1	0	next	other	0
173	Picture	start			4802176	0	1	500	1	0	next	other	0
174	Picture	stim			4827166	0	1	167	1	0	next	other	0
175	Picture	start			4857655	0	1	500	1	0	next	other	0
176	Picture	stim			4882646	0	1	166	2	0	next	other	0
177	Picture	start			4913967	0	1	500	1	0	next	other	0
178	Picture	stim			4938957	0	1	167	1	0	next	other	0
179	Picture	start			4970279	0	1	500	1	0	next	other	0
180	Picture	stim			4995269	0	1	167	1	0	next	other	0
181	Picture	start			5025591	0	1	500	1	0	next	other	0
182	Picture	stim			5050582	0	1	167	1	0	next	other	0
183	Picture	start			5081736	0	1	500	1	0	next	other	0
184	Picture	stim			5106727	0	1	167	1	0	next	other	0
185	Picture	start			5137049	0	1	500	1	0	next	other	0
186	Picture	stim			5162039	0	1	167	1	0	next	other	0
187	Picture	start			5191861	0	1	500	1	0	next	other	0
188	Picture	stim			5216852	0	1	167	1	0	next	other	0
189	Picture	start			5247007	0	1	500	1	0	next	other	0
190	Picture	stim			5271998	0	1	167	1	0	next	other	0
191	Picture	start			5303152	0	1	500	1	0	next	other	0
192	Picture	stim			5328143	0	1	167	1	0	next	other	0
193	Picture	start			5359298	0	1	500	1	0	next	other	0
194	Picture	stim			5384288	0	1	167	1	0	next	other	0
195	Picture	start			5414443	0	1	500	1	0	next	other	0
196	Picture	stim			5439434	0	1	167	1	0	next	other	0
197	Picture	start			5470422	0	1	500	1	0	next	other	0
198	Picture	stim			5495413	0	1	167	1	0	next	other	0
199	Picture	start			5526401	0	1	500	1	0	next	other	0
200	Picture	stim			5551392	0	1	167	1	0	next	other	0
201	Picture	start			5582213	0	1	500	1	0	next	other	0
202	Picture	stim			5607204	0	1	167	1	0	next	other	0
203	Picture	start			5638192	0	1	500	1	0	next	other	0
204	Picture	stim			5663182	0	1	167	1	0	next	other	0
205	Picture	start			5694504	0	1	500	1	0	next	other	0
206	Picture	stim			5719494	0	1	167	1	0	next	other	0
207	Picture	start			5749649	0	1	500	1	0	next	other	0
208	Picture	stim			5774640	0	1	167	1	0	next	other	0
209	Picture	start			5804629	0	1	500	1	0	next	other	0
210	Picture	stim			5829619	0	1	167	1	0	next	other	0
211	Picture	start			5859774	0	1	500	1	0	next	other	0
212	Picture	stim			5884765	0	1	167	1	0	next	other	0
213	Picture	start			5915087	0	1	500	1	0	next	other	0
214	Picture	stim			5940077	0	1	167	1	0	next	other	0
215	Picture	start			5970566	0	1	500	1	0	next	other	0
216	Picture	stim			5995556	0	1	167	1	0	next	other	0
217	Picture	start			6025545	0	1	500	1	0	next	other	0
218	Picture	stim			6050535	0	1	167	1	0	next	other	0
219	Picture	start			6081690	0	1	500	1	0	next	other	0
220	Picture	stim			6106681	0	1	167	1	0	next	other	0
221	Picture	start			6137169	0	1	500	1	0	next	other	0
222	Picture	stim			6162160	0	1	167	1	0	next	other	0
223	Picture	start			6193148	0	1	500	1	0	next	other	0
224	Picture	stim			6218138	0	1	167	1	0	next	other	0
225	Picture	start			6249293	0	1	500	1	0	next	other	0
226	Picture	stim			6274284	0	1	167	1	0	next	other	0
227	Picture	start			6305438	0	1	500	1	0	next	other	0
228	Picture	stim			6330429	0	1	166	2	0	next	other	0
229	Picture	start			6360418	0	1	500	1	0	next	other	0
230	Picture	stim			6385408	0	1	167	1	0	next	other	0
231	Picture	start			6416563	0	1	500	1	0	next	other	0
232	Picture	stim			6441553	0	1	167	1	0	next	other	0
233	Picture	start			6471542	0	1	500	1	0	next	other	0
234	Picture	stim			6496533	0	1	167	1	0	next	other	0
235	Picture	start			6526688	0	1	500	1	0	next	other	0
236	Picture	stim			6551678	0	1	166	1	0	next	other	0
237	Picture	start			6582666	0	1	500	1	0	next	other	0
238	Picture	stim			6607657	0	1	167	1	0	next	other	0
239	Picture	start			6637979	0	1	500	1	0	next	other	0
240	Picture	stim			6662969	0	1	167	1	0	next	other	0
241	Picture	start			6693791	0	1	500	1	0	next	other	0
242	Picture	stim			6718782	0	1	167	1	0	next	other	0
243	Picture	start			6749936	0	1	500	1	0	next	other	0
244	Picture	stim			6774927	0	1	167	1	0	next	other	0
245	Picture	start			6805249	0	1	500	1	0	next	other	0
246	Picture	stim			6830239	0	1	167	1	0	next	other	0
247	Picture	start			6860894	0	1	500	1	0	next	other	0
248	Picture	stim			6885885	0	1	167	1	0	next	other	0
249	Picture	start			6916206	0	1	500	1	0	next	other	0
250	Picture	stim			6941197	0	1	167	1	0	next	other	0
251	Picture	start			6971352	0	1	500	1	0	next	other	0
252	Picture	stim			6996343	0	1	167	1	0	next	other	0
253	Picture	start			7026498	0	1	500	1	0	next	other	0
254	Picture	stim			7051488	0	1	167	1	0	next	other	0
255	Picture	start			7081810	0	1	500	1	0	next	other	0
256	Picture	stim			7106801	0	1	167	1	0	next	other	0
257	Picture	start			7137956	0	1	500	1	0	next	other	0
258	Picture	stim			7162946	0	1	167	1	0	next	other	0
259	Picture	start			7193601	0	1	500	1	0	next	other	0
260	Picture	stim			7218592	0	1	167	1	0	next	other	0
261	Picture	start			7249747	0	1	500	1	0	next	other	0
262	Picture	stim			7274737	0	1	167	1	0	next	other	0
263	Picture	start			7304892	0	1	500	1	0	next	other	0
264	Picture	stim			7329883	0	1	167	1	0	next	other	0
265	Picture	start			7360871	0	1	500	1	0	next	other	0
266	Picture	stim			7385862	0	1	167	1	0	next	other	0
267	Picture	start			7416183	0	1	500	1	0	next	other	0
268	Picture	stim			7441174	0	1	167	1	0	next	other	0
269	Picture	start			7472162	0	1	500	1	0	next	other	0
270	Picture	stim			7497153	0	1	167	1	0	next	other	0
271	Picture	start			7528307	0	1	500	1	0	next	other	0
272	Picture	stim			7553298	0	1	167	1	0	next	other	0
273	Picture	start			7584286	0	1	500	1	0	next	other	0
274	Picture	stim			7609277	0	1	167	1	0	next	other	0
275	Picture	start			7639432	0	1	500	1	0	next	other	0
276	Picture	stim			7664422	0	1	166	1	0	next	other	0
277	Picture	start			7695244	0	1	500	1	0	next	other	0
278	Picture	stim			7720235	0	1	167	1	0	next	other	0
279	Picture	start			7751389	0	1	500	1	0	next	other	0
280	Picture	stim			7776380	0	1	167	1	0	next	other	0
281	Picture	start			7806535	0	1	500	1	0	next	other	0
282	Picture	stim			7831525	0	1	167	1	0	next	other	0
283	Picture	start			7862680	0	1	500	1	0	next	other	0
284	Picture	stim			7887671	0	1	167	1	0	next	other	0
285	Picture	start			7917660	0	1	500	1	0	next	other	0
286	Picture	stim			7942650	0	1	167	1	0	next	other	0
287	Picture	start			7972639	0	1	500	1	0	next	other	0
288	Picture	stim			7997629	0	1	167	1	0	next	other	0
289	Picture	start			8028617	0	1	500	1	0	next	other	0
290	Picture	stim			8053608	0	1	167	1	0	next	other	0
291	Picture	start			8083763	0	1	500	1	0	next	other	0
292	Picture	stim			8108754	0	1	167	1	0	next	other	0
293	Picture	start			8139908	0	1	500	1	0	next	other	0
294	Picture	stim			8164899	0	1	167	1	0	next	other	0
295	Picture	start			8195887	0	1	500	1	0	next	other	0
296	Picture	stim			8220878	0	1	167	1	0	next	other	0
297	Picture	start			8251200	0	1	500	1	0	next	other	0
298	Picture	stim			8276190	0	1	167	1	0	next	other	0
299	Picture	start			8306512	0	1	500	1	0	next	other	0
300	Picture	stim			8331502	0	1	167	1	0	next	other	0
301	Picture	start			8361658	0	1	500	1	0	next	other	0
302	Picture	stim			8386648	0	1	167	1	0	next	other	0
303	Picture	start			8417470	0	1	500	1	0	next	other	0
304	Picture	stim			8442460	0	1	167	1	0	next	other	0
305	Picture	start			8472615	0	1	500	1	0	next	other	0
306	Picture	stim			8497606	0	1	167	1	0	next	other	0
307	Picture	start			8528761	0	1	500	1	0	next	other	0
308	Picture	stim			8553751	0	1	167	1	0	next	other	0
309	Picture	start			8584740	0	1	500	1	0	next	other	0
310	Picture	stim			8609730	0	1	167	1	0	next	other	0
311	Picture	start			8640052	0	1	500	1	0	next	other	0
312	Picture	stim			8665042	0	1	167	1	0	next	other	0
313	Picture	start			8695364	0	1	500	1	0	next	other	0
314	Picture	stim			8720355	0	1	167	1	0	next	other	0
315	Picture	start			8750510	0	1	500	1	0	next	other	0
316	Picture	stim			8775500	0	1	167	1	0	next	other	0
317	Picture	start			8805489	0	1	500	1	0	next	other	0
318	Picture	stim			8830480	0	1	167	1	0	next	other	0
319	Picture	start			8860635	0	1	500	1	0	next	other	0
320	Picture	stim			8885625	0	1	167	1	0	next	other	0
321	Picture	start			8916946	0	1	500	2	0	next	other	0
322	Picture	stim			8941937	0	1	167	1	0	next	other	0
323	Picture	start			8973092	0	1	500	1	0	next	other	0
324	Picture	stim			8998083	0	1	167	1	0	next	other	0
325	Picture	start			9029070	0	1	500	1	0	next	other	0
326	Picture	stim			9054061	0	1	167	1	0	next	other	0
327	Picture	start			9084883	0	1	500	1	0	next	other	0
328	Picture	stim			9109874	0	1	167	1	0	next	other	0
329	Picture	start			9140029	0	1	500	1	0	next	other	0
330	Picture	stim			9165019	0	1	167	1	0	next	other	0
331	Picture	start			9196341	0	1	500	1	0	next	other	0
332	Picture	stim			9221331	0	1	167	1	0	next	other	0
333	Picture	start			9251819	0	1	500	1	0	next	other	0
334	Picture	stim			9276810	0	1	167	1	0	next	other	0
335	Picture	start			9307798	0	1	500	1	0	next	other	0
336	Picture	stim			9332789	0	1	167	1	0	next	other	0
337	Picture	start			9362944	0	1	500	1	0	next	other	0
338	Picture	stim			9387934	0	1	167	1	0	next	other	0
339	Picture	start			9418923	0	1	500	1	0	next	other	0
340	Picture	stim			9443913	0	1	167	1	0	next	other	0
341	Picture	start			9474235	0	1	500	1	0	next	other	0
342	Picture	stim			9499226	0	1	167	1	0	next	other	0
343	Picture	start			9530547	0	1	500	1	0	next	other	0
344	Picture	stim			9555537	0	1	167	1	0	next	other	0
345	Picture	start			9586526	0	1	500	1	0	next	other	0
346	Picture	stim			9611516	0	1	167	1	0	next	other	0
347	Picture	start			9641505	0	1	500	1	0	next	other	0
348	Picture	stim			9666495	0	1	166	1	0	next	other	0
349	Picture	start			9697817	0	1	500	1	0	next	other	0
350	Picture	stim			9722807	0	1	167	1	0	next	other	0
351	Picture	start			9753296	0	1	500	1	0	next	other	0
352	Picture	stim			9778286	0	1	166	2	0	next	other	0
353	Picture	start			9808275	0	1	500	1	0	next	other	0
354	Picture	stim			9833265	0	1	167	1	0	next	other	0
355	Picture	start			9864420	0	1	500	1	0	next	other	0
356	Picture	stim			9889411	0	1	167	1	0	next	other	0
357	Picture	start			9919899	0	1	500	1	0	next	other	0
358	Picture	stim			9944890	0	1	167	1	0	next	other	0
359	Picture	start			9975711	0	1	500	1	0	next	other	0
360	Picture	stim			10000702	0	1	167	1	0	next	other	0
361	Picture	start			10031690	0	1	500	1	0	next	other	0
362	Picture	stim			10056681	0	1	167	1	0	next	other	0
363	Picture	start			10086836	0	1	500	1	0	next	other	0
364	Picture	stim			10111826	0	1	166	1	0	next	other	0
365	Picture	start			10142981	0	1	500	1	0	next	other	0
366	Picture	stim			10167972	0	1	167	1	0	next	other	0
367	Picture	start			10199293	0	1	500	1	0	next	other	0
368	Picture	stim			10224283	0	1	167	1	0	next	other	0
369	Picture	start			10254939	0	1	500	1	0	next	other	0
370	Picture	stim			10279929	0	1	167	1	0	next	other	0
371	Picture	start			10309918	0	1	500	1	0	next	other	0
372	Picture	stim			10334908	0	1	167	1	0	next	other	0
373	Picture	start			10365896	0	1	500	1	0	next	other	0
374	Picture	stim			10390887	0	1	167	1	0	next	other	0
375	Picture	start			10421209	0	1	500	1	0	next	other	0
376	Picture	stim			10446199	0	1	167	1	0	next	other	0
377	Picture	start			10477021	0	1	500	1	0	next	other	0
378	Picture	stim			10502012	0	1	167	1	0	next	other	0
379	Picture	start			10532333	0	1	500	1	0	next	other	0
380	Picture	stim			10557324	0	1	167	1	0	next	other	0
381	Picture	start			10588312	0	1	500	1	0	next	other	0
382	Picture	stim			10613303	0	1	166	1	0	next	other	0
383	Picture	start			10643458	0	1	500	1	0	next	other	0
384	Picture	stim			10668448	0	1	167	1	0	next	other	0
385	Picture	start			10698937	0	1	500	1	0	next	other	0
386	Picture	stim			10723927	0	1	167	1	0	next	other	0
387	Picture	start			10755249	0	1	500	1	0	next	other	0
388	Picture	stim			10780239	0	1	167	1	0	next	other	0
389	Picture	start			10810394	0	1	500	1	0	next	other	0
390	Picture	stim			10835385	0	1	167	1	0	next	other	0
391	Picture	start			10866540	0	1	500	1	0	next	other	0
392	Picture	stim			10891530	0	1	167	1	0	next	other	0
393	Picture	start			10922352	0	1	500	1	0	next	other	0
394	Picture	stim			10947342	0	1	167	1	0	next	other	0
395	Picture	start			10977498	0	1	500	1	0	next	other	0
396	Picture	stim			11002488	0	1	167	1	0	next	other	0
397	Picture	start			11033310	0	1	500	1	0	next	other	0
398	Picture	stim			11058300	0	1	167	1	0	next	other	0
399	Picture	start			11088622	0	1	500	1	0	next	other	0
400	Picture	stim			11113612	0	1	167	1	0	next	other	0
401	Picture	start			11144767	0	1	500	1	0	next	other	0
402	Picture	stim			11169758	0	1	167	1	0	next	other	0
403	Picture	start			11200080	0	1	500	1	0	next	other	0
404	Picture	stim			11225070	0	1	167	1	0	next	other	0
405	Picture	start			11255059	0	1	500	1	0	next	other	0
406	Picture	stim			11280049	0	1	167	1	0	next	other	0
407	Picture	start			11311371	0	1	500	1	0	next	other	0
408	Picture	stim			11336361	0	1	167	1	0	next	other	0
409	Picture	start			11368016	0	1	500	1	0	next	other	0
410	Picture	stim			11393006	0	1	167	1	0	next	other	0
411	Picture	start			11422662	0	1	500	1	0	next	other	0
412	Picture	stim			11447652	0	1	167	1	0	next	other	0
413	Picture	start			11478807	0	1	500	1	0	next	other	0
414	Picture	stim			11503798	0	1	167	1	0	next	other	0
415	Picture	start			11533786	0	1	500	1	0	next	other	0
416	Picture	stim			11558777	0	1	167	1	0	next	other	0
417	Picture	start			11589765	0	1	500	1	0	next	other	0
418	Picture	stim			11614755	0	1	167	1	0	next	other	0
419	Picture	start			11645577	0	1	499	2	0	next	other	0
420	Picture	stim			11670568	0	1	167	1	0	next	other	0
421	Picture	start			11700723	0	1	500	1	0	next	other	0
422	Picture	stim			11725713	0	1	167	1	0	next	other	0
423	Picture	start			11756202	0	1	500	1	0	next	other	0
424	Picture	stim			11781192	0	1	167	1	0	next	other	0
425	Picture	start			11812347	0	1	500	1	0	next	other	0
426	Picture	stim			11837338	0	1	167	1	0	next	other	0
427	Picture	start			11867659	0	1	500	1	0	next	other	0
428	Picture	stim			11892650	0	1	167	1	0	next	other	0
429	Picture	start			11923638	0	1	500	1	0	next	other	0
430	Picture	stim			11948629	0	1	167	1	0	next	other	0
431	Picture	start			11978951	0	1	500	1	0	next	other	0
432	Picture	stim			12003941	0	1	167	1	0	next	other	0
433	Picture	start			12034096	0	1	500	1	0	next	other	0
434	Picture	stim			12059087	0	1	167	1	0	next	other	0
435	Picture	start			12089242	0	1	500	1	0	next	other	0
436	Picture	stim			12114232	0	1	167	1	0	next	other	0
437	Picture	start			12145887	0	1	500	1	0	next	other	0
438	Picture	stim			12170878	0	1	167	1	0	next	other	0
439	Picture	start			12201199	0	1	500	1	0	next	other	0
440	Picture	stim			12226190	0	1	167	1	0	next	other	0
441	Picture	start			12257178	0	1	500	1	0	next	other	0
442	Picture	stim			12282169	0	1	167	1	0	next	other	0
443	Picture	start			12313324	0	1	500	1	0	next	other	0
444	Picture	stim			12338314	0	1	167	1	0	next	other	0
445	Picture	start			12368636	0	1	500	1	0	next	other	0
446	Picture	stim			12393626	0	1	167	1	0	next	other	0
447	Picture	start			12424614	0	1	500	2	0	next	other	0
448	Picture	stim			12449605	0	1	167	1	0	next	other	0
449	Picture	start			12480593	0	1	500	1	0	next	other	0
450	Picture	stim			12505584	0	1	167	1	0	next	other	0
451	Picture	start			12535906	0	1	500	1	0	next	other	0
452	Picture	stim			12560896	0	1	167	1	0	next	other	0
453	Picture	start			12591051	0	1	500	1	0	next	other	0
454	Picture	stim			12616042	0	1	167	1	0	next	other	0
455	Picture	start			12647030	0	1	500	1	0	next	other	0
456	Picture	stim			12672021	0	1	167	1	0	next	other	0
457	Picture	start			12703176	0	1	500	1	0	next	other	0
458	Picture	stim			12728166	0	1	156	16	0	next	other	0
459	Picture	start			12758321	0	1	500	1	0	next	other	0
460	Picture	stim			12783312	0	1	167	1	0	next	other	0
461	Picture	start			12814300	0	1	500	1	0	next	other	0
462	Picture	stim			12839291	0	1	166	1	0	next	other	0
462	Quit				12860339	21048	NA
