Scenario - Touch Training (Simple)
Logfile written - 03/23/2016 14:26:37

Trial	Event Type	Code	x(num)	y(num)	Time	TTime	Uncertainty	Duration	Uncertainty	ReqTime	ReqDur	Stim Type	Pair Index

0	Response	1	-2099	-74	169	169	NA
0	Response	2	-2099	-74	3689	3689	NA
0	Response	1	-2040	-426	7029	7029	NA
0	Response	2	-2099	-425	8489	8489	NA
0	Response	1	-1833	-1	11789	11789	NA
0	Response	2	-1833	-1	19049	19049	NA
0	Response	1	-1856	-154	28829	28829	NA
0	Response	2	-2093	-157	31429	31429	NA
0	Response	1	-1785	-160	32209	32209	NA
0	Response	2	-1783	-166	37569	37569	NA
0	Response	1	-1787	56	55049	55049	NA
0	Response	2	-1785	40	65189	65189	NA
0	Response	1	-1725	-52	85369	85369	NA
0	Response	2	-2093	-52	87329	87329	NA
0	Response	1	-2092	-482	112509	112509	NA
0	Response	2	-2092	-482	114729	114729	NA
0	Response	1	-2092	-120	115409	115409	NA
1	Response	2	-2094	-82	124089	8334	NA
1	Response	1	-2096	-482	124469	8714	NA
1	Response	2	-2095	-482	126309	10554	NA
1	Response	1	-2094	-482	132549	16794	NA
1	Response	2	-2094	-482	141409	25654	NA
1	Response	1	-2099	-217	141909	26154	NA
1	Response	2	-2099	-217	142969	27214	NA
1	Response	1	-2094	-487	150269	34514	NA
1	Response	2	-2094	-487	150789	35034	NA
1	Response	1	-2094	-482	151309	35554	NA
1	Response	2	-2094	-482	151829	36074	NA
1	Response	1	-2099	-482	152089	36334	NA
1	Response	2	-1784	-472	164889	49134	NA
1	Response	1	-2097	60	201669	85915	NA
1	Response	2	-2097	60	202509	86754	NA
1	Response	1	-2093	-119	204389	88634	NA
1	Response	2	-2100	-132	206969	91214	NA
1	Response	1	-2097	-487	209869	94114	NA
1	Response	2	-1511	-487	211969	96214	NA
1	Response	1	-1848	-151	227989	112234	NA
1	Response	2	-2099	-151	232809	117054	NA
1	Response	1	-2098	-120	241929	126174	NA
1	Response	2	-2101	-121	249009	133254	NA
1	Response	1	-2074	142	258149	142394	NA
1	Response	2	-2101	139	261589	145834	NA
1	Response	1	-1794	-137	262909	147154	NA
1	Response	2	-2101	-493	283409	167654	NA
1	Response	1	-1845	-150	284029	168274	NA
1	Response	2	-1839	-153	297209	181454	NA
1	Response	1	-2100	-360	300249	184494	NA
1	Response	2	-2047	-299	306649	190894	NA
1	Response	1	-1583	-364	307309	191554	NA
1	Response	2	-1583	-364	309709	193954	NA
1	Response	1	-2046	-46	312569	196814	NA
1	Response	2	-2051	-46	313649	197894	NA
1	Response	1	-1827	-75	332708	216954	NA
1	Response	2	-1827	-75	339069	223314	NA
1	Response	1	-2105	-493	339689	223934	NA
1	Response	2	-2043	-493	340949	225194	NA
1	Response	1	-1901	-131	345929	230174	NA
1	Response	2	-1901	-132	348209	232454	NA
1	Response	1	-2016	-227	351029	235274	NA
1	Response	2	-2016	-227	353008	237254	NA
1	Response	1	-2103	-125	354409	238654	NA
1	Response	2	-2105	-132	357649	241894	NA
1	Response	1	-1603	-218	374128	258374	NA
2	Response	2	-1561	-219	375629	1181	NA
2	Response	1	-1995	-4	384009	9561	NA
2	Response	2	-1928	258	416649	42202	NA
2	Response	1	-2104	205	427169	52721	NA
2	Response	2	-2104	205	428369	53921	NA
2	Response	1	-1928	-493	444229	69782	NA
2	Response	2	-2041	-490	445269	70821	NA
2	Response	1	-1886	-93	449649	75202	NA
2	Response	2	-1886	-99	452529	78081	NA
2	Response	1	-1815	-120	460989	86541	NA
2	Response	2	-1815	-120	461329	86881	NA
2	Response	1	-2107	-140	463708	89261	NA
2	Response	2	-2107	-140	465208	90761	NA
2	Response	1	-1518	-370	467889	93441	NA
2	Response	2	-2042	-375	469149	94701	NA
2	Response	1	-2107	-384	471289	96842	NA
2	Response	2	-2107	-384	472009	97561	NA
2	Response	1	-1855	-80	485829	111381	NA
2	Response	2	-1907	-82	493048	118601	NA
2	Response	1	-1709	-73	495369	120921	NA
2	Response	2	-1709	-73	513828	139381	NA
2	Response	1	-1727	-28	516349	141901	NA
2	Response	2	-1728	-30	518209	143761	NA
2	Response	1	-1725	-151	518728	144281	NA
2	Response	2	-1725	-151	522968	148521	NA
2	Response	1	-2045	152	526629	152181	NA
2	Response	2	-2107	75	533288	158841	NA
2	Response	1	-1919	73	533909	159461	NA
2	Response	2	-1922	134	535629	161181	NA
2	Response	1	-1960	-133	543588	169141	NA
2	Response	2	-1849	-163	547788	173341	NA
2	Response	1	-1791	-218	560088	185641	NA
2	Response	2	-1787	-220	564968	190521	NA
2	Response	1	-1676	-44	566769	192321	NA
2	Response	2	-1661	-57	591908	217461	NA
2	Response	1	-1846	150	594528	220081	NA
2	Response	2	-1842	119	600569	226121	NA
2	Response	1	-1791	181	606968	232521	NA
2	Response	2	-1694	127	618148	243701	NA
2	Response	1	-2040	-77	624649	250201	NA
2	Response	2	-2038	-87	649328	274881	NA
2	Response	1	-1665	-41	652608	278161	NA
2	Response	2	-1632	27	660128	285681	NA
2	Response	1	-2046	-110	662069	287621	NA
2	Response	2	-2046	-110	663189	288741	NA
2	Response	1	-2046	200	671508	297061	NA
2	Response	2	-2046	200	672548	298101	NA
2	Response	1	-1860	-511	680089	305641	NA
2	Response	2	-1853	-509	682988	308541	NA
2	Response	1	-2045	-112	685149	310701	NA
2	Response	2	-2045	-112	685548	311101	NA
2	Response	1	-2043	-490	689708	315261	NA
2	Response	2	-1923	-493	692628	318181	NA
2	Response	1	-1516	-90	694808	320361	NA
2	Response	2	-1516	-90	695308	320861	NA
2	Response	1	-2045	-158	695649	321201	NA
2	Response	2	-2045	-158	696928	322481	NA
2	Response	1	-1686	-297	697309	322861	NA
2	Response	2	-1686	-297	698829	324381	NA
2	Response	1	-1691	-318	699189	324741	NA
2	Response	2	-1691	-318	703769	329321	NA
2	Response	1	-2046	-175	704108	329661	NA
2	Response	2	-2046	-175	704328	329881	NA
3	Response	1	-1620	-78	706749	2372	NA
3	Response	2	-1534	-89	710668	6291	NA
3	Response	1	-2044	-363	714009	9631	NA
3	Response	2	-2044	-363	714608	10231	NA
3	Response	1	-2045	-493	717808	13431	NA
3	Response	2	-1857	-496	720428	16051	NA
3	Response	1	-1513	-310	722768	18391	NA
3	Response	2	-1450	-311	724149	19771	NA
3	Response	1	-2045	-503	727708	23331	NA
3	Response	2	-2045	-503	729128	24751	NA
3	Response	1	-1908	-507	729509	25131	NA
3	Response	2	-1908	-507	730748	26371	NA
3	Response	1	-1855	-387	757408	53031	NA
3	Response	2	-1854	-388	758028	53651	NA
3	Response	1	-2045	-493	759888	55511	NA
3	Response	2	-1823	-498	763288	58911	NA
3	Response	1	-1575	-110	765688	61311	NA
3	Response	2	-1621	-155	766628	62251	NA
3	Response	1	-2043	-492	768908	64531	NA
3	Response	2	-1789	-491	774249	69872	NA
3	Response	1	-1538	-277	777408	73031	NA
3	Response	2	-1538	-277	779168	74791	NA
3	Response	1	-1783	-109	793908	89531	NA
3	Response	2	-1775	-119	815828	111451	NA
3	Response	1	-1733	-127	820589	116212	NA
3	Response	2	-1722	-131	830129	125752	NA
3	Response	1	-1632	-102	831988	127611	NA
3	Response	2	-1672	-337	835208	130831	NA
3	Response	1	-2043	-493	837528	133151	NA
3	Response	2	-2043	-493	845268	140891	NA
3	Response	1	-1840	-131	849048	144671	NA
3	Response	2	-1840	-131	855868	151491	NA
3	Response	1	-1602	-8	857868	153491	NA
3	Response	2	-1676	-85	862028	157651	NA
3	Response	1	-1902	-275	864168	159791	NA
3	Response	2	-1902	-275	864688	160311	NA
3	Response	1	-1871	-273	865268	160891	NA
3	Response	2	-1865	-17	874389	170011	NA
3	Response	1	-2016	-127	876208	171831	NA
4	Response	2	-2016	-127	882208	5694	NA
4	Response	1	-2045	-342	885188	8674	NA
4	Response	2	-2045	-349	885848	9334	NA
4	Response	1	-1637	27	888908	12394	NA
4	Response	2	-1590	30	894828	18314	NA
4	Response	1	-1620	-106	951008	74494	NA
4	Response	2	-1620	-106	961928	85414	NA
4	Response	1	-1887	-98	965128	88614	NA
4	Response	2	-1945	-107	982688	106174	NA
4	Response	1	-1840	-86	991088	114574	NA
4	Response	2	-1740	-99	1006508	129993	NA
4	Response	1	-1734	-117	1021248	144734	NA
4	Response	2	-1740	-118	1022168	145653	NA
4	Response	1	-1838	-121	1022768	146254	NA
4	Response	2	-1838	-122	1027888	151373	NA
